25.12.18 18:04:03 - 1045: Access denied for user 'root'@'localhost' (using password: NO)

SQL: connect

02.03.19 02:52:45 - 2002: No such file or directory

SQL: connect

20.03.19 02:57:47 - 2002: No such file or directory

SQL: connect

22.07.19 03:18:43 - 1040: Too many connections

SQL: connect

23.07.19 03:10:36 - 1040: Too many connections

SQL: connect

23.07.19 03:10:44 - 1040: Too many connections

SQL: connect

23.07.19 03:10:48 - 1040: Too many connections

SQL: connect

23.07.19 03:10:52 - 1040: Too many connections

SQL: connect

23.07.19 03:10:56 - 1040: Too many connections

SQL: connect

23.07.19 03:11:00 - 1040: Too many connections

SQL: connect

23.07.19 03:11:04 - 1040: Too many connections

SQL: connect

23.07.19 03:11:08 - 1040: Too many connections

SQL: connect

23.07.19 03:11:20 - 1040: Too many connections

SQL: connect

23.07.19 03:11:24 - 1040: Too many connections

SQL: connect

31.08.19 03:35:29 - 1040: Too many connections

SQL: connect

31.08.19 03:35:33 - 1040: Too many connections

SQL: connect

16.02.20 21:55:12 - 1045: Access denied for user 'adsproco_admin'@'localhost' (using password: YES)

SQL: connect

16.02.20 22:14:27 - 1045: Access denied for user 'adsproco_admin'@'localhost' (using password: YES)

SQL: connect

16.02.20 22:42:03 - 1045: Access denied for user 'adsproco_admin'@'localhost' (using password: YES)

SQL: connect

17.02.20 00:09:20 - 1045: Access denied for user 'adsproco_admin'@'localhost' (using password: YES)

SQL: connect

17.02.20 05:23:41 - 1045: Access denied for user 'adsproco_admin'@'localhost' (using password: YES)

SQL: connect

17.02.20 12:38:41 - 1045: Access denied for user 'adsproco_admin'@'localhost' (using password: YES)

SQL: connect

17.02.20 12:38:41 - 1045: Access denied for user 'adsproco_admin'@'localhost' (using password: YES)

SQL: connect

17.02.20 13:24:54 - 1045: Access denied for user 'adsproco_admin'@'localhost' (using password: YES)

SQL: connect

17.02.20 15:02:30 - 1045: Access denied for user 'adsproco_admin'@'localhost' (using password: YES)

SQL: connect

17.02.20 16:30:31 - 1045: Access denied for user 'adsproco_admin'@'localhost' (using password: YES)

SQL: connect

17.02.20 17:37:22 - 1045: Access denied for user 'adsproco_admin'@'localhost' (using password: YES)

SQL: connect

17.02.20 17:45:07 - 1045: Access denied for user 'adsproco_admin'@'localhost' (using password: YES)

SQL: connect

17.02.20 17:46:06 - 1045: Access denied for user 'adsproco_admin'@'localhost' (using password: YES)

SQL: connect

17.02.20 17:58:46 - 1045: Access denied for user 'adsproco_admin'@'localhost' (using password: YES)

SQL: connect

17.02.20 21:29:03 - 1045: Access denied for user 'adsproco_admin'@'localhost' (using password: YES)

SQL: connect

18.02.20 01:46:25 - 1045: Access denied for user 'adsproco_admin'@'localhost' (using password: YES)

SQL: connect

18.02.20 03:27:49 - 1045: Access denied for user 'adsproco_admin'@'localhost' (using password: YES)

SQL: connect

18.02.20 10:06:40 - 1045: Access denied for user 'adsproco_admin'@'localhost' (using password: YES)

SQL: connect

18.02.20 10:20:55 - 1045: Access denied for user 'adsproco_admin'@'localhost' (using password: YES)

SQL: connect

18.02.20 10:33:32 - 1045: Access denied for user 'adsproco_admin'@'localhost' (using password: YES)

SQL: connect

18.02.20 12:33:14 - 1045: Access denied for user 'adsproco_admin'@'localhost' (using password: YES)

SQL: connect

18.02.20 12:36:24 - 1045: Access denied for user 'adsproco_admin'@'localhost' (using password: YES)

SQL: connect

18.02.20 12:36:24 - 1045: Access denied for user 'adsproco_admin'@'localhost' (using password: YES)

SQL: connect

18.02.20 12:59:37 - 1045: Access denied for user 'adsproco_admin'@'localhost' (using password: YES)

SQL: connect

18.02.20 16:08:51 - 1045: Access denied for user 'adsproco_admin'@'localhost' (using password: YES)

SQL: connect

18.02.20 16:09:53 - 1045: Access denied for user 'adsproco_admin'@'localhost' (using password: YES)

SQL: connect

18.02.20 16:11:28 - 1045: Access denied for user 'adsproco_admin'@'localhost' (using password: YES)

SQL: connect

18.02.20 16:12:04 - 1045: Access denied for user 'adsproco_admin'@'localhost' (using password: YES)

SQL: connect

18.02.20 17:35:07 - 1045: Access denied for user 'adsproco_admin'@'localhost' (using password: YES)

SQL: connect

18.02.20 21:34:46 - 1045: Access denied for user 'adsproco_admin'@'localhost' (using password: YES)

SQL: connect

18.02.20 21:35:04 - 1045: Access denied for user 'adsproco_admin'@'localhost' (using password: YES)

SQL: connect

18.02.20 22:12:33 - 1045: Access denied for user 'adsproco_admin'@'localhost' (using password: YES)

SQL: connect

18.02.20 23:07:08 - 1045: Access denied for user 'adsproco_admin'@'localhost' (using password: YES)

SQL: connect

18.02.20 23:08:09 - 1045: Access denied for user 'adsproco_admin'@'localhost' (using password: YES)

SQL: connect

18.02.20 23:09:19 - 1045: Access denied for user 'adsproco_admin'@'localhost' (using password: YES)

SQL: connect

18.02.20 23:16:19 - 1045: Access denied for user 'adsproco_admin'@'localhost' (using password: YES)

SQL: connect

19.02.20 04:59:48 - 1045: Access denied for user 'adsproco_admin'@'localhost' (using password: YES)

SQL: connect

19.02.20 07:34:22 - 1045: Access denied for user 'adsproco_admin'@'localhost' (using password: YES)

SQL: connect

19.02.20 10:04:58 - 1045: Access denied for user 'adsproco_admin'@'localhost' (using password: YES)

SQL: connect

19.02.20 11:23:25 - 1045: Access denied for user 'adsproco_admin'@'localhost' (using password: YES)

SQL: connect

19.02.20 12:22:37 - 1045: Access denied for user 'adsproco_admin'@'localhost' (using password: YES)

SQL: connect

19.02.20 12:35:17 - 1045: Access denied for user 'adsproco_admin'@'localhost' (using password: YES)

SQL: connect

19.02.20 12:35:17 - 1045: Access denied for user 'adsproco_admin'@'localhost' (using password: YES)

SQL: connect

19.02.20 14:08:35 - 1045: Access denied for user 'adsproco_admin'@'localhost' (using password: YES)

SQL: connect

19.02.20 14:08:41 - 1045: Access denied for user 'adsproco_admin'@'localhost' (using password: YES)

SQL: connect

19.02.20 19:54:21 - 1045: Access denied for user 'adsproco_admin'@'localhost' (using password: YES)

SQL: connect

19.02.20 20:08:04 - 1045: Access denied for user 'adsproco_admin'@'localhost' (using password: YES)

SQL: connect

20.02.20 03:17:39 - 1045: Access denied for user 'adsproco_admin'@'localhost' (using password: YES)

SQL: connect

20.02.20 07:18:06 - 1045: Access denied for user 'adsproco_admin'@'localhost' (using password: YES)

SQL: connect

20.02.20 09:53:55 - 1045: Access denied for user 'adsproco_admin'@'localhost' (using password: YES)

SQL: connect

20.02.20 10:55:21 - 1045: Access denied for user 'adsproco_admin'@'localhost' (using password: YES)

SQL: connect

20.02.20 12:10:00 - 1045: Access denied for user 'adsproco_admin'@'localhost' (using password: YES)

SQL: connect

20.02.20 12:29:18 - 1045: Access denied for user 'adsproco_admin'@'localhost' (using password: YES)

SQL: connect

20.02.20 12:29:51 - 1045: Access denied for user 'adsproco_admin'@'localhost' (using password: YES)

SQL: connect

20.02.20 12:32:47 - 1045: Access denied for user 'adsproco_admin'@'localhost' (using password: YES)

SQL: connect

20.02.20 12:32:48 - 1045: Access denied for user 'adsproco_admin'@'localhost' (using password: YES)

SQL: connect

20.02.20 12:35:15 - 1045: Access denied for user 'adsproco_admin'@'localhost' (using password: YES)

SQL: connect

20.02.20 12:38:02 - 1045: Access denied for user 'adsproco_admin'@'localhost' (using password: YES)

SQL: connect

20.02.20 12:59:37 - 1045: Access denied for user 'adsproco_admin'@'localhost' (using password: YES)

SQL: connect

20.02.20 14:15:10 - 1045: Access denied for user 'adsproco_admin'@'localhost' (using password: YES)

SQL: connect

20.02.20 21:43:13 - 1045: Access denied for user 'adsproco_admin'@'localhost' (using password: YES)

SQL: connect

20.02.20 22:13:51 - 1045: Access denied for user 'adsproco_admin'@'localhost' (using password: YES)

SQL: connect

21.02.20 05:28:44 - 1045: Access denied for user 'adsproco_admin'@'localhost' (using password: YES)

SQL: connect

21.02.20 06:01:03 - 1045: Access denied for user 'adsproco_admin'@'localhost' (using password: YES)

SQL: connect

21.02.20 06:22:16 - 1045: Access denied for user 'adsproco_admin'@'localhost' (using password: YES)

SQL: connect

21.02.20 12:05:57 - 1045: Access denied for user 'adsproco_admin'@'localhost' (using password: YES)

SQL: connect

21.02.20 12:40:32 - 1045: Access denied for user 'adsproco_admin'@'localhost' (using password: YES)

SQL: connect

21.02.20 12:40:32 - 1045: Access denied for user 'adsproco_admin'@'localhost' (using password: YES)

SQL: connect

21.02.20 15:02:29 - 1045: Access denied for user 'adsproco_admin'@'localhost' (using password: YES)

SQL: connect

21.02.20 16:52:26 - 1045: Access denied for user 'adsproco_admin'@'localhost' (using password: YES)

SQL: connect

21.02.20 21:25:14 - 1045: Access denied for user 'adsproco_admin'@'localhost' (using password: YES)

SQL: connect

21.02.20 23:58:31 - 1045: Access denied for user 'adsproco_admin'@'localhost' (using password: YES)

SQL: connect

22.02.20 03:46:50 - 1045: Access denied for user 'adsproco_admin'@'localhost' (using password: YES)

SQL: connect

22.02.20 05:06:22 - 1045: Access denied for user 'adsproco_admin'@'localhost' (using password: YES)

SQL: connect

22.02.20 06:17:35 - 1045: Access denied for user 'adsproco_admin'@'localhost' (using password: YES)

SQL: connect

22.02.20 10:44:30 - 1045: Access denied for user 'adsproco_admin'@'localhost' (using password: YES)

SQL: connect

22.02.20 10:59:55 - 1045: Access denied for user 'adsproco_admin'@'localhost' (using password: YES)

SQL: connect

22.02.20 12:38:39 - 1045: Access denied for user 'adsproco_admin'@'localhost' (using password: YES)

SQL: connect

22.02.20 12:38:39 - 1045: Access denied for user 'adsproco_admin'@'localhost' (using password: YES)

SQL: connect

22.02.20 14:10:16 - 1045: Access denied for user 'adsproco_admin'@'localhost' (using password: YES)

SQL: connect

22.02.20 14:10:19 - 1045: Access denied for user 'adsproco_admin'@'localhost' (using password: YES)

SQL: connect

22.02.20 14:10:20 - 1045: Access denied for user 'adsproco_admin'@'localhost' (using password: YES)

SQL: connect

22.02.20 18:04:43 - 1045: Access denied for user 'adsproco_admin'@'localhost' (using password: YES)

SQL: connect

22.02.20 19:30:34 - 1045: Access denied for user 'adsproco_admin'@'localhost' (using password: YES)

SQL: connect

22.02.20 19:30:59 - 1045: Access denied for user 'adsproco_admin'@'localhost' (using password: YES)

SQL: connect

22.02.20 19:48:45 - 1045: Access denied for user 'adsproco_admin'@'localhost' (using password: YES)

SQL: connect

16.05.20 09:23:51 - 1045: Access denied for user 'adsproco_admin'@'localhost' (using password: YES)

SQL: connect

16.05.20 09:27:58 - 1045: Access denied for user 'adsproco_admin'@'localhost' (using password: YES)

SQL: connect

16.05.20 09:28:55 - 1045: Access denied for user 'adsproco_admin'@'localhost' (using password: YES)

SQL: connect

16.05.20 09:29:05 - 1045: Access denied for user 'adsproco_admin'@'localhost' (using password: YES)

SQL: connect

16.05.20 09:29:43 - 1045: Access denied for user 'adsproco_admin'@'localhost' (using password: YES)

SQL: connect

16.05.20 10:21:48 - 1045: Access denied for user 'adsproco_admin'@'localhost' (using password: YES)

SQL: connect

16.05.20 10:40:15 - 1045: Access denied for user 'adsproco_admin'@'localhost' (using password: YES)

SQL: connect

16.05.20 10:40:15 - 1045: Access denied for user 'adsproco_admin'@'localhost' (using password: YES)

SQL: connect

16.05.20 10:43:40 - 1045: Access denied for user 'adsproco_admin'@'localhost' (using password: YES)

SQL: connect

16.05.20 12:49:05 - 1045: Access denied for user 'adsproco_admin'@'localhost' (using password: YES)

SQL: connect

16.05.20 17:01:45 - 1045: Access denied for user 'adsproco_admin'@'localhost' (using password: YES)

SQL: connect

16.05.20 17:59:32 - 1045: Access denied for user 'adsproco_admin'@'localhost' (using password: YES)

SQL: connect

16.05.20 18:02:28 - 1045: Access denied for user 'adsproco_admin'@'localhost' (using password: YES)

SQL: connect

16.05.20 18:02:33 - 1045: Access denied for user 'adsproco_admin'@'localhost' (using password: YES)

SQL: connect

16.05.20 18:02:33 - 1045: Access denied for user 'adsproco_admin'@'localhost' (using password: YES)

SQL: connect

16.05.20 18:19:46 - 1045: Access denied for user 'adsproco_admin'@'localhost' (using password: YES)

SQL: connect

16.05.20 18:44:44 - 1045: Access denied for user 'adsproco_admin'@'localhost' (using password: YES)

SQL: connect

16.05.20 20:22:45 - 1045: Access denied for user 'adsproco_admin'@'localhost' (using password: YES)

SQL: connect

16.05.20 22:08:00 - 1045: Access denied for user 'adsproco_admin'@'localhost' (using password: YES)

SQL: connect

17.05.20 06:34:34 - 1045: Access denied for user 'adsproco_admin'@'localhost' (using password: YES)

SQL: connect

17.05.20 06:34:39 - 1045: Access denied for user 'adsproco_admin'@'localhost' (using password: YES)

SQL: connect

17.05.20 07:21:48 - 1045: Access denied for user 'adsproco_admin'@'localhost' (using password: YES)

SQL: connect

17.05.20 07:22:02 - 1045: Access denied for user 'adsproco_admin'@'localhost' (using password: YES)

SQL: connect

17.05.20 08:13:17 - 1045: Access denied for user 'adsproco_admin'@'localhost' (using password: YES)

SQL: connect

17.05.20 08:13:23 - 1045: Access denied for user 'adsproco_admin'@'localhost' (using password: YES)

SQL: connect

17.05.20 08:13:34 - 1045: Access denied for user 'adsproco_admin'@'localhost' (using password: YES)

SQL: connect

17.05.20 08:13:40 - 1045: Access denied for user 'adsproco_admin'@'localhost' (using password: YES)

SQL: connect

17.05.20 10:39:07 - 1045: Access denied for user 'adsproco_admin'@'localhost' (using password: YES)

SQL: connect

17.05.20 10:39:08 - 1045: Access denied for user 'adsproco_admin'@'localhost' (using password: YES)

SQL: connect

18.05.20 15:49:11 - 1045: Access denied for user 'adsproco_admin'@'localhost' (using password: YES)

SQL: connect

18.05.20 17:25:11 - 1045: Access denied for user 'adsproco_admin'@'localhost' (using password: YES)

SQL: connect

18.05.20 18:16:26 - 1045: Access denied for user 'adsproco_admin'@'localhost' (using password: YES)

SQL: connect

19.05.20 01:55:03 - 1045: Access denied for user 'adsproco_admin'@'localhost' (using password: YES)

SQL: connect

19.05.20 07:39:11 - 1045: Access denied for user 'adsproco_admin'@'localhost' (using password: YES)

SQL: connect

20.05.20 10:34:44 - 1045: Access denied for user 'adsproco_admin'@'localhost' (using password: YES)

SQL: connect

20.05.20 10:34:44 - 1045: Access denied for user 'adsproco_admin'@'localhost' (using password: YES)

SQL: connect

